<?xml version="1.0" encoding="UTF-8"?>
<!-- Generated by org.testng.reporters.JUnitXMLReporter -->
<testsuite hostname="APL-5CD0177CM3" ignored="0" name="ChromeBrowser" tests="3" failures="1" timestamp="2023-05-23T15:29:39 IST" time="38.704" errors="0">
  <testcase name="hollandBarrettDP" time="14.436" classname="DataProvider_Holland.DataProvider_HollandBarrett"/>
  <testcase name="hollandBarrettDP" time="11.473" classname="DataProvider_Holland.DataProvider_HollandBarrett"/>
  <testcase name="hollandBarrettDP" time="12.352" classname="DataProvider_Holland.DataProvider_HollandBarrett">
    <failure type="java.lang.IllegalArgumentException" message="Keys to send should be a not null CharSequence">
      <![CDATA[java.lang.IllegalArgumentException: Keys to send should be a not null CharSequence
at org.openqa.selenium.remote.RemoteWebElement.sendKeys(RemoteWebElement.java:98)
at DataProvider_Holland.DataProvider_HollandBarrett.hollandBarrettDP(DataProvider_HollandBarrett.java:29)
at java.util.ArrayList.forEach(ArrayList.java:1257)
at java.util.concurrent.FutureTask.run(FutureTask.java:266)
at java.util.concurrent.ThreadPoolExecutor.runWorker(ThreadPoolExecutor.java:1149)
at java.util.concurrent.ThreadPoolExecutor$Worker.run(ThreadPoolExecutor.java:624)
at java.lang.Thread.run(Thread.java:748)
... Removed 18 stack frames]]>
    </failure>
  </testcase> <!-- hollandBarrettDP -->
</testsuite> <!-- ChromeBrowser -->
